<?xml version="1.0" encoding="UTF-8"?>
<!-- Generated by org.testng.reporters.JUnitReportReporter -->
<testsuite skipped="0" hostname="Subodh-PC" name="misc.TestMavenExecution" tests="3" failures="0" timestamp="05 Feb 2023 19:42:06 GMT" time="0.033" errors="0">
  <testcase name="getParamValue" time="0.024" classname="misc.TestMavenExecution"/>
  <testcase name="getEnvValue" time="0.007" classname="misc.TestMavenExecution"/>
  <testcase name="getPropValue" time="0.002" classname="misc.TestMavenExecution"/>
</testsuite> <!-- misc.TestMavenExecution -->
