<?xml version="1.0" encoding="UTF-8"?>
<!-- Generated by org.testng.reporters.JUnitReportReporter -->
<testsuite skipped="0" hostname="Subodh-PC" name="misc.Group2Demo" tests="1" failures="0" timestamp="10 Feb 2023 02:15:10 GMT" time="0.011" errors="0">
  <testcase name="getEnvValue" time="0.011" classname="misc.Group2Demo"/>
</testsuite> <!-- misc.Group2Demo -->
