<?xml version="1.0" encoding="UTF-8"?>
<!-- Generated by org.testng.reporters.JUnitReportReporter -->
<testsuite skipped="0" hostname="Subodh-PC" name="misc.MavenExecutionDemo" tests="5" failures="0" timestamp="09 Feb 2023 16:15:55 GMT" time="0.000" errors="0">
  <testcase name="getParamValue" time="0.000" classname="misc.MavenExecutionDemo"/>
  <testcase name="getEnvValue" time="0.000" classname="misc.MavenExecutionDemo"/>
  <testcase name="getPropValue" time="0.000" classname="misc.MavenExecutionDemo"/>
  <testcase name="getParamValue2" time="0.000" classname="misc.MavenExecutionDemo"/>
  <testcase name="getPropValue2" time="0.000" classname="misc.MavenExecutionDemo"/>
</testsuite> <!-- misc.MavenExecutionDemo -->
