<?xml version="1.0" encoding="UTF-8"?>
<!-- Generated by org.testng.reporters.JUnitReportReporter -->
<testsuite skipped="0" hostname="Subodh-PC" name="TestMavenExecution" tests="1" failures="0" timestamp="05 Feb 2023 17:09:08 GMT" time="0.016" errors="0">
  <testcase name="getEnvValue" time="0.016" classname="TestMavenExecution"/>
</testsuite> <!-- TestMavenExecution -->
