<?xml version="1.0" encoding="UTF-8"?>
<!-- Generated by org.testng.reporters.JUnitReportReporter -->
<testsuite skipped="0" hostname="Subodh-PC" name="misc.Group2Demo" tests="2" failures="0" timestamp="10 Feb 2023 02:08:11 GMT" time="0.020" errors="0">
  <testcase name="getEnvValue" time="0.010" classname="misc.Group2Demo"/>
  <testcase name="getEnvValue" time="0.010" classname="misc.Group2Demo"/>
</testsuite> <!-- misc.Group2Demo -->
