<?xml version="1.0" encoding="UTF-8"?>
<!-- Generated by org.testng.reporters.JUnitReportReporter -->
<testsuite skipped="0" hostname="Subodh-PC" name="misc.Group1Demo" tests="2" failures="0" timestamp="10 Feb 2023 02:08:11 GMT" time="0.005" errors="0">
  <testcase name="getEnvValue" time="0.003" classname="misc.Group1Demo"/>
  <testcase name="getEnvValue" time="0.002" classname="misc.Group1Demo"/>
</testsuite> <!-- misc.Group1Demo -->
